[LOG] System::create                           : Header version = 1.10.05. Current version = 1.10.05.
[LOG] SystemI::setOutputInternal               : Setting output to 'FMOD WASAPI Output'
[LOG] Manager::init                            : maxchannels = 1024 studioflags = 00000009 flags 00000000 extradriverdata 0000000000000000.
[LOG] SystemI::init                            : Initialize version=11005 (94661), maxchannels=1024, flags=0x00030000
[LOG] OutputWASAPI::init                       : Mix Format (WAVEFORMATEX): wFormatTag=0xFFFE, nChannels=2, nSamplesPerSec=48000, nAvgBytesPerSec=384000, nBlockAlign=8, wBitsPerSample=32, cbSize=22.
[LOG] OutputWASAPI::init                       : Mix Format (WAVEFORMATEXTENSIBLE): wValidBitsPerSample=32, dwChannelMask=0x00000003, SubFormat=00000003-0000-0010-8000-00AA00389B71.
[LOG] OutputWASAPI::init                       : Output buffer size: 4096 samples, latency: 10.67ms, period: 10.00ms, DSP buffer: 1024 * 4
[LOG] Thread::initThread                       : Init FMOD stream thread. Priority: 2, Stack Size: 65536, Semaphore: No, Sleep Time: 10, Looping: Yes.
[LOG] SystemI::DSPCodecPoolRegister            : register codec pool for pool type 5
[LOG] Thread::initThread                       : Init FMOD mixer thread. Priority: 3, Stack Size: 49152, Semaphore: No, Sleep Time: 0, Looping: Yes.
[LOG] AsyncManager::init                       : manager 000000004AFFF6C8 isAsync 1 updatePeriod 0.02
[LOG] Thread::initThread                       : Init FMOD Studio update thread. Priority: 0, Stack Size: 65536, Semaphore: No, Sleep Time: 1, Looping: No.
[LOG] AsyncManager::init                       : done
[LOG] PlaybackSystem::init                     : 
[LOG] Thread::initThread                       : Init FMOD Studio sample load thread. Priority: 0, Stack Size: 65536, Semaphore: No, Sleep Time: 1, Looping: No.
[LOG] PlaybackSystem::init                     : done
[LOG] LiveUpdate::init                         : 
[LOG] Thread::initThread                       : Init FMOD Studio bank load thread. Priority: 0, Stack Size: 65536, Semaphore: No, Sleep Time: 1, Looping: No.
[LOG] Manager::init                            : done.
[LOG] Profile::init                            : Profiler listening on port: 9264
[LOG] Manager::readBank                        : fileversion = 100, compatVersion = 99 (oldest = 44, newest = 100)
[LOG] Manager::readBank                        : fileversion = 100, compatVersion = 99 (oldest = 44, newest = 100)
[LOG] PlaybackSystem::acquireMasterBus         : Setting master channel group format to 6
[LOG] SystemI::createSoundInternal             : Create name='', mode=0x02000202
[LOG] SystemI::createSoundInternal             : exinfo->cbsize             = 232
[LOG] SystemI::createSoundInternal             : exinfo->length             = 2721568
[LOG] SystemI::createSoundInternal             : exinfo->fileoffset         = 28320
[LOG] SystemI::createSoundInternal             : exinfo->numsubsounds       = 1
[LOG] SystemI::createSoundInternal             : exinfo->inclusionlist      = 00000000462FF5FC
[LOG] SystemI::createSoundInternal             : exinfo->inclusionlistnum   = 1
[LOG] SystemI::createSoundInternal             : exinfo->suggestedsoundtype = 5
[LOG] SystemI::createSoundInternal             : exinfo->useropen           = 000007FED666E4B0
[LOG] SystemI::createSoundInternal             : exinfo->userclose          = 000007FED666E480
[LOG] SystemI::createSoundInternal             : exinfo->userread           = 000007FED666E580
[LOG] SystemI::createSoundInternal             : exinfo->userseek           = 000007FED666E640
[LOG] SystemI::createSoundInternal             : exinfo->fileuserdata       = 000000004A65B9F8
[LOG] SystemI::createSoundInternal             : exinfo->initialseekpostype = 1
[LOG] SystemI::DSPCodecPoolRegister            : register codec pool for pool type 5
[LOG] SystemI::createSoundInternal             : Sample 0/1: name='CombatBossTranse', format=2, channels=2, frequency=48000, lengthbytes=103648, lengthpcm=354462, pcmblocksize=0, loopstart=0, loopend=0, mode=0x00000000, channelmask=0x00000000, channelorder=0, peakvolume=0.968231.
[LOG] SystemI::createSoundInternal             : Create name='', mode=0x02000202
[LOG] SystemI::createSoundInternal             : exinfo->cbsize             = 232
[LOG] SystemI::createSoundInternal             : exinfo->length             = 2721568
[LOG] SystemI::createSoundInternal             : exinfo->fileoffset         = 28320
[LOG] SystemI::createSoundInternal             : exinfo->numsubsounds       = 1
[LOG] SystemI::createSoundInternal             : exinfo->inclusionlist      = 00000000462FF5FC
[LOG] SystemI::createSoundInternal             : exinfo->inclusionlistnum   = 1
[LOG] SystemI::createSoundInternal             : exinfo->suggestedsoundtype = 5
[LOG] SystemI::createSoundInternal             : exinfo->useropen           = 000007FED666E4B0
[LOG] SystemI::createSoundInternal             : exinfo->userclose          = 000007FED666E480
[LOG] SystemI::createSoundInternal             : exinfo->userread           = 000007FED666E580
[LOG] SystemI::createSoundInternal             : exinfo->userseek           = 000007FED666E640
[LOG] SystemI::createSoundInternal             : exinfo->fileuserdata       = 000000004A65B9F8
[LOG] SystemI::createSoundInternal             : exinfo->initialseekpostype = 1
[LOG] SystemI::DSPCodecPoolRegister            : register codec pool for pool type 5
[LOG] SystemI::createSoundInternal             : Sample 0/1: name='CombatDonjonTranscendance', format=2, channels=2, frequency=48000, lengthbytes=98816, lengthpcm=354462, pcmblocksize=0, loopstart=0, loopend=0, mode=0x00000000, channelmask=0x00000000, channelorder=0, peakvolume=0.968628.
[LOG] SystemI::createSoundInternal             : Create name='', mode=0x02000202
[LOG] SystemI::createSoundInternal             : exinfo->cbsize             = 232
[LOG] SystemI::createSoundInternal             : exinfo->length             = 2721568
[LOG] SystemI::createSoundInternal             : exinfo->fileoffset         = 28320
[LOG] SystemI::createSoundInternal             : exinfo->numsubsounds       = 1
[LOG] SystemI::createSoundInternal             : exinfo->inclusionlist      = 00000000462FF5FC
[LOG] SystemI::createSoundInternal             : exinfo->inclusionlistnum   = 1
[LOG] SystemI::createSoundInternal             : exinfo->suggestedsoundtype = 5
[LOG] SystemI::createSoundInternal             : exinfo->useropen           = 000007FED666E4B0
[LOG] SystemI::createSoundInternal             : exinfo->userclose          = 000007FED666E480
[LOG] SystemI::createSoundInternal             : exinfo->userread           = 000007FED666E580
[LOG] SystemI::createSoundInternal             : exinfo->userseek           = 000007FED666E640
[LOG] SystemI::createSoundInternal             : exinfo->fileuserdata       = 000000004A65B9F8
[LOG] SystemI::createSoundInternal             : exinfo->initialseekpostype = 1
[LOG] SystemI::DSPCodecPoolRegister            : register codec pool for pool type 5
[LOG] SystemI::createSoundInternal             : Sample 0/1: name='CombatBossTranscendance', format=2, channels=2, frequency=48000, lengthbytes=107616, lengthpcm=354462, pcmblocksize=0, loopstart=0, loopend=0, mode=0x00000000, channelmask=0x00000000, channelorder=0, peakvolume=0.968262.
[LOG] SystemI::createSoundInternal             : Create name='', mode=0x02000202
[LOG] SystemI::createSoundInternal             : exinfo->cbsize             = 232
[LOG] SystemI::createSoundInternal             : exinfo->length             = 2721568
[LOG] SystemI::createSoundInternal             : exinfo->fileoffset         = 28320
[LOG] SystemI::createSoundInternal             : exinfo->numsubsounds       = 1
[LOG] SystemI::createSoundInternal             : exinfo->inclusionlist      = 00000000462FF5FC
[LOG] SystemI::createSoundInternal             : exinfo->inclusionlistnum   = 1
[LOG] SystemI::createSoundInternal             : exinfo->suggestedsoundtype = 5
[LOG] SystemI::createSoundInternal             : exinfo->useropen           = 000007FED666E4B0
[LOG] SystemI::createSoundInternal             : exinfo->userclose          = 000007FED666E480
[LOG] SystemI::createSoundInternal             : exinfo->userread           = 000007FED666E580
[LOG] SystemI::createSoundInternal             : exinfo->userseek           = 000007FED666E640
[LOG] SystemI::createSoundInternal             : exinfo->fileuserdata       = 000000004A65B9F8
[LOG] SystemI::createSoundInternal             : exinfo->initialseekpostype = 1
[LOG] SystemI::DSPCodecPoolRegister            : register codec pool for pool type 5
[LOG] SystemI::createSoundInternal             : Sample 0/1: name='CombatBossBase', format=2, channels=2, frequency=48000, lengthbytes=96576, lengthpcm=354462, pcmblocksize=0, loopstart=0, loopend=0, mode=0x00000000, channelmask=0x00000000, channelorder=0, peakvolume=0.968323.
[LOG] SystemI::createSound                     : filename = Assets\Audio\Racana\Build\Desktop/Master Bank.bank : mode 02010082
[LOG] SystemI::createSound                     : FMOD_NONBLOCKING specified.  Putting into queue to be opened asynchronously!
[LOG] Thread::initThread                       : Init FMOD nonblocking thread (0). Priority: 1, Stack Size: 81920, Semaphore: Yes, Sleep Time: 0, Looping: Yes.
[LOG] SystemI::createSound                     : setdata soundi = 000000003E2CD718 : node = 000000000C28A560
[LOG] SystemI::createSound                     : add node to async list : head = 000000004A610268.  list count = 0
[LOG] AsyncThread::threadFunc                  : Starting Asynchronous operation on sound 000000003E2CD718
[LOG] SystemI::createSound                     : filename = Assets\Audio\Racana\Build\Desktop/Master Bank.bank : mode 02010082
[LOG] SystemI::createSoundInternal             :     Create name='Assets\Audio\Racana\Build\Desktop/Master Bank.bank', mode=0x02010082
[LOG] SystemI::createSound                     :     FMOD_NONBLOCKING specified.  Putting into queue to be opened asynchronously!
[LOG] SystemI::createSoundInternal             :     exinfo->cbsize             = 232
[LOG] SystemI::createSound                     :     setdata soundi = 000000003E2CD568 : node = 000000000C28A800
[LOG] SystemI::createSoundInternal             :     exinfo->length             = 2721568
[LOG] SystemI::createSound                     :     add node to async list : head = 000000004A610268.  list count = 0
[LOG] SystemI::createSoundInternal             :     exinfo->fileoffset         = 28320
[LOG] SystemI::createSoundInternal             :     exinfo->numsubsounds       = 1
[LOG] SystemI::createSound                     :     filename = Assets\Audio\Racana\Build\Desktop/Master Bank.bank : mode 02010082
[LOG] SystemI::createSoundInternal             :     exinfo->inclusionlist      = 000000000C28A678
[LOG] SystemI::createSound                     :     FMOD_NONBLOCKING specified.  Putting into queue to be opened asynchronously!
[LOG] SystemI::createSoundInternal             :     exinfo->inclusionlistnum   = 1
[LOG] SystemI::createSound                     :     setdata soundi = 000000004A75E028 : node = 000000000C28A2C0
[LOG] SystemI::createSoundInternal             :     exinfo->suggestedsoundtype = 5
[LOG] SystemI::createSound                     :     add node to async list : head = 000000004A610268.  list count = 1
[LOG] SystemI::createSoundInternal             :     exinfo->initialseekpostype = 1
[LOG] SystemI::createSoundInternal             :     Stream 0/1: name='CombatDonjonBase', format=2, channels=2, frequency=48000, lengthbytes=79104, lengthpcm=354462, pcmblocksize=0, loopstart=0, loopend=0, mode=0x00000000, channelmask=0x00000000, channelorder=0, peakvolume=0.968109.
[LOG] Thread::initThread                       :     Init FMOD file thread. Priority: 1, Stack Size: 16384, Semaphore: No, Sleep Time: 10, Looping: Yes.
[LOG] AsyncThread::threadFunc                  : Finished Asynchronous operation on sound 000000003E2CD718
[LOG] AsyncThread::threadFunc                  : Starting Asynchronous operation on sound 000000003E2CD568
[LOG] SystemI::createSoundInternal             :     Create name='Assets\Audio\Racana\Build\Desktop/Master Bank.bank', mode=0x02010082
[LOG] SystemI::createSoundInternal             :     exinfo->cbsize             = 232
[LOG] SystemI::createSoundInternal             :     exinfo->length             = 2721568
[LOG] SystemI::createSoundInternal             :     exinfo->fileoffset         = 28320
[LOG] SystemI::createSoundInternal             :     exinfo->numsubsounds       = 1
[LOG] SystemI::createSoundInternal             :     exinfo->inclusionlist      = 000000000C28A918
[LOG] SystemI::createSoundInternal             :     exinfo->inclusionlistnum   = 1
[LOG] SystemI::createSoundInternal             :     exinfo->suggestedsoundtype = 5
[LOG] SystemI::createSoundInternal             :     exinfo->initialseekpostype = 1
[LOG] SystemI::createSoundInternal             :     Stream 0/1: name='CombatDonjonBase', format=2, channels=2, frequency=48000, lengthbytes=79104, lengthpcm=354462, pcmblocksize=0, loopstart=0, loopend=0, mode=0x00000000, channelmask=0x00000000, channelorder=0, peakvolume=0.968109.
[LOG] AsyncThread::threadFunc                  : Finished Asynchronous operation on sound 000000003E2CD568
[LOG] AsyncThread::threadFunc                  : Starting Asynchronous operation on sound 000000004A75E028
[LOG] SystemI::createSoundInternal             :     Create name='Assets\Audio\Racana\Build\Desktop/Master Bank.bank', mode=0x02010082
[LOG] SystemI::createSoundInternal             :     exinfo->cbsize             = 232
[LOG] SystemI::createSoundInternal             :     exinfo->length             = 2721568
[LOG] SystemI::createSoundInternal             :     exinfo->fileoffset         = 28320
[LOG] SystemI::createSoundInternal             :     exinfo->numsubsounds       = 1
[LOG] SystemI::createSoundInternal             :     exinfo->inclusionlist      = 000000000C28A3D8
[LOG] SystemI::createSoundInternal             :     exinfo->inclusionlistnum   = 1
[LOG] SystemI::createSoundInternal             :     exinfo->suggestedsoundtype = 5
[LOG] SystemI::createSoundInternal             :     exinfo->initialseekpostype = 1
[LOG] SystemI::createSoundInternal             :     Stream 0/1: name='CombatDonjonTranse', format=2, channels=2, frequency=48000, lengthbytes=102048, lengthpcm=354462, pcmblocksize=0, loopstart=0, loopend=0, mode=0x00000000, channelmask=0x00000000, channelorder=0, peakvolume=0.968292.
[LOG] AsyncThread::threadFunc                  : Finished Asynchronous operation on sound 000000004A75E028
[LOG] SoundI::getSubSound                      : sound 000000003E2CD718.  Subsound index 0 / 1
[LOG] SoundI::getSubSound                      : sound 000000003E2CD568.  Subsound index 0 / 1
[LOG] SoundI::getSubSound                      : sound 000000004A75E028.  Subsound index 0 / 1
[LOG] SystemI::createSound                     : filename = Assets\Audio\Racana\Build\Desktop/Master Bank.bank : mode 02010082
[LOG] SystemI::createSound                     : FMOD_NONBLOCKING specified.  Putting into queue to be opened asynchronously!
[LOG] SystemI::createSound                     : setdata soundi = 000000004AD7FD48 : node = 000000000C28A170
[LOG] SystemI::createSound                     : add node to async list : head = 000000004A610268.  list count = 0
[LOG] AsyncThread::threadFunc                  : Starting Asynchronous operation on sound 000000004AD7FD48
[LOG] SystemI::createSound                     : filename = Assets\Audio\Racana\Build\Desktop/Master Bank.bank : mode 02010082
[LOG] SystemI::createSoundInternal             :     Create name='Assets\Audio\Racana\Build\Desktop/Master Bank.bank', mode=0x02010082
[LOG] SystemI::createSound                     :     FMOD_NONBLOCKING specified.  Putting into queue to be opened asynchronously!
[LOG] SystemI::createSoundInternal             :     exinfo->cbsize             = 232
[LOG] SystemI::createSound                     :     setdata soundi = 000000001279C198 : node = 000000000C289AE0
[LOG] SystemI::createSoundInternal             :     exinfo->length             = 2721568
[LOG] SystemI::createSound                     :     add node to async list : head = 000000004A610268.  list count = 0
[LOG] SystemI::createSoundInternal             :     exinfo->fileoffset         = 28320
[LOG] SystemI::createSoundInternal             :     exinfo->numsubsounds       = 1
[LOG] SystemI::createSound                     :     filename = Assets\Audio\Racana\Build\Desktop/Master Bank.bank : mode 02010082
[LOG] SystemI::createSoundInternal             :     exinfo->inclusionlist      = 000000000C28A288
[LOG] SystemI::createSound                     :     FMOD_NONBLOCKING specified.  Putting into queue to be opened asynchronously!
[LOG] SystemI::createSoundInternal             :     exinfo->inclusionlistnum   = 1
[LOG] SystemI::createSound                     :     setdata soundi = 000000003E0FFF28 : node = 000000000C28A020
[LOG] SystemI::createSoundInternal             :     exinfo->suggestedsoundtype = 5
[LOG] SystemI::createSound                     :     add node to async list : head = 000000004A610268.  list count = 1
[LOG] SystemI::createSoundInternal             :     exinfo->initialseekpostype = 1
[LOG] SystemI::createSoundInternal             :     Stream 0/1: name='CombatDonjonBase', format=2, channels=2, frequency=48000, lengthbytes=79104, lengthpcm=354462, pcmblocksize=0, loopstart=0, loopend=0, mode=0x00000000, channelmask=0x00000000, channelorder=0, peakvolume=0.968109.
[LOG] AsyncThread::threadFunc                  : Finished Asynchronous operation on sound 000000004AD7FD48
[LOG] AsyncThread::threadFunc                  : Starting Asynchronous operation on sound 000000001279C198
[LOG] SystemI::createSoundInternal             :     Create name='Assets\Audio\Racana\Build\Desktop/Master Bank.bank', mode=0x02010082
[LOG] SystemI::createSoundInternal             :     exinfo->cbsize             = 232
[LOG] SystemI::createSoundInternal             :     exinfo->length             = 2721568
[LOG] SystemI::createSoundInternal             :     exinfo->fileoffset         = 28320
[LOG] SystemI::createSoundInternal             :     exinfo->numsubsounds       = 1
[LOG] SystemI::createSoundInternal             :     exinfo->inclusionlist      = 000000000C289BF8
[LOG] SystemI::createSoundInternal             :     exinfo->inclusionlistnum   = 1
[LOG] SystemI::createSoundInternal             :     exinfo->suggestedsoundtype = 5
[LOG] SystemI::createSoundInternal             :     exinfo->initialseekpostype = 1
[LOG] SystemI::createSoundInternal             :     Stream 0/1: name='CombatDonjonBase', format=2, channels=2, frequency=48000, lengthbytes=79104, lengthpcm=354462, pcmblocksize=0, loopstart=0, loopend=0, mode=0x00000000, channelmask=0x00000000, channelorder=0, peakvolume=0.968109.
[LOG] AsyncThread::threadFunc                  : Finished Asynchronous operation on sound 000000001279C198
[LOG] AsyncThread::threadFunc                  : Starting Asynchronous operation on sound 000000003E0FFF28
[LOG] SystemI::createSoundInternal             :     Create name='Assets\Audio\Racana\Build\Desktop/Master Bank.bank', mode=0x02010082
[LOG] SystemI::createSoundInternal             :     exinfo->cbsize             = 232
[LOG] SystemI::createSoundInternal             :     exinfo->length             = 2721568
[LOG] SystemI::createSoundInternal             :     exinfo->fileoffset         = 28320
[LOG] SystemI::createSoundInternal             :     exinfo->numsubsounds       = 1
[LOG] SystemI::createSoundInternal             :     exinfo->inclusionlist      = 000000000C28A138
[LOG] SystemI::createSoundInternal             :     exinfo->inclusionlistnum   = 1
[LOG] SystemI::createSoundInternal             :     exinfo->suggestedsoundtype = 5
[LOG] SystemI::createSoundInternal             :     exinfo->initialseekpostype = 1
[LOG] SystemI::createSoundInternal             :     Stream 0/1: name='CombatDonjonTranse', format=2, channels=2, frequency=48000, lengthbytes=102048, lengthpcm=354462, pcmblocksize=0, loopstart=0, loopend=0, mode=0x00000000, channelmask=0x00000000, channelorder=0, peakvolume=0.968292.
[LOG] AsyncThread::threadFunc                  : Finished Asynchronous operation on sound 000000003E0FFF28
[LOG] SoundI::getSubSound                      : sound 000000004AD7FD48.  Subsound index 0 / 1
[LOG] SoundI::getSubSound                      : sound 000000001279C198.  Subsound index 0 / 1
[LOG] SoundI::getSubSound                      : sound 000000003E0FFF28.  Subsound index 0 / 1
[LOG] SoundI::release                          : CombatDonjonTranse (000000004A75E028)
[LOG] SoundI::release                          :     CombatDonjonTranse (000000004ACA0C88)
[LOG] SoundI::release                          :     CombatDonjonTranse (000000004A75E898)
[LOG] SoundI::release                          : CombatDonjonBase (000000003E2CD718)
[LOG] SoundI::release                          :     CombatDonjonBase (000000004A60FA98)
[LOG] SoundI::release                          :     CombatDonjonBase (000000004A75E1D8)
[LOG] SoundI::release                          : CombatDonjonBase (000000003E2CD568)
[LOG] SoundI::release                          :     CombatDonjonBase (000000004ACA0948)
[LOG] SoundI::release                          :     CombatDonjonBase (000000004A75E6E8)
[LOG] SoundI::release                          : CombatDonjonTranse (000000003E0FFF28)
[LOG] SoundI::release                          :     CombatDonjonTranse (000000004ACA02C8)
[LOG] SoundI::release                          :     CombatDonjonTranse (000000004B3F8218)
[LOG] SoundI::release                          : CombatDonjonBase (000000001279C198)
[LOG] SoundI::release                          :     CombatDonjonBase (000000004ACA0AE8)
[LOG] SoundI::release                          :     CombatDonjonBase (000000004B3F8068)
[LOG] SoundI::release                          : CombatDonjonBase (000000004AD7FD48)
[LOG] SoundI::release                          :     CombatDonjonBase (000000004ACA0E28)
[LOG] SoundI::release                          :     CombatDonjonBase (000000004B3F7EB8)
[LOG] SystemI::createSound                     : filename = Assets\Audio\Racana\Build\Desktop/Master Bank.bank : mode 02010082
[LOG] SystemI::createSound                     : FMOD_NONBLOCKING specified.  Putting into queue to be opened asynchronously!
[LOG] SystemI::createSound                     : setdata soundi = 000000004AD7FD48 : node = 000000000C289AE0
[LOG] SystemI::createSound                     : add node to async list : head = 000000004A610268.  list count = 0
[LOG] AsyncThread::threadFunc                  : Starting Asynchronous operation on sound 000000004AD7FD48
[LOG] SystemI::createSoundInternal             :     Create name='Assets\Audio\Racana\Build\Desktop/Master Bank.bank', mode=0x02010082
[LOG] SystemI::createSoundInternal             :     exinfo->cbsize             = 232
[LOG] SystemI::createSoundInternal             :     exinfo->length             = 2721568
[LOG] SystemI::createSoundInternal             :     exinfo->fileoffset         = 28320
[LOG] SystemI::createSoundInternal             :     exinfo->numsubsounds       = 1
[LOG] SystemI::createSoundInternal             :     exinfo->inclusionlist      = 000000000C289BF8
[LOG] SystemI::createSoundInternal             :     exinfo->inclusionlistnum   = 1
[LOG] SystemI::createSoundInternal             :     exinfo->suggestedsoundtype = 5
[LOG] SystemI::createSoundInternal             :     exinfo->initialseekpostype = 1
[LOG] SystemI::createSoundInternal             :     Stream 0/1: name='Woosh', format=2, channels=2, frequency=48000, lengthbytes=4160, lengthpcm=16384, pcmblocksize=0, loopstart=0, loopend=0, mode=0x00000000, channelmask=0x00000000, channelorder=0, peakvolume=0.316254.
[LOG] AsyncThread::threadFunc                  : Finished Asynchronous operation on sound 000000004AD7FD48
[LOG] SoundI::getSubSound                      : sound 000000004AD7FD48.  Subsound index 0 / 1
[LOG] SoundI::getSubSound                      : starting non blocking seek and setting sound to not ready state
[LOG] SoundI::getSubSound                      : finished preparing nonblocking getSubSound seek
[LOG] AsyncThread::threadFunc                  : Starting Asynchronous operation on sound 000000004A75E6E8
[LOG] AsyncThread::threadFunc                  :     done setposition
[LOG] AsyncThread::threadFunc                  :     done flush
[LOG] AsyncThread::threadFunc                  : Finished Asynchronous operation on sound 000000004A75E6E8
[LOG] SoundI::release                          : Woosh (000000004AD7FD48)
[LOG] SoundI::release                          :     Woosh (000000004ACA0E28)
[LOG] SoundI::release                          :     Woosh (000000004A75E6E8)
[LOG] SystemI::createSound                     : filename = Assets\Audio\Racana\Build\Desktop/Master Bank.bank : mode 02010082
[LOG] SystemI::createSound                     : FMOD_NONBLOCKING specified.  Putting into queue to be opened asynchronously!
[LOG] SystemI::createSound                     : setdata soundi = 000000004AD7FD48 : node = 000000000C289AE0
[LOG] SystemI::createSound                     : add node to async list : head = 000000004A610268.  list count = 0
[LOG] AsyncThread::threadFunc                  : Starting Asynchronous operation on sound 000000004AD7FD48
[LOG] SystemI::createSoundInternal             :     Create name='Assets\Audio\Racana\Build\Desktop/Master Bank.bank', mode=0x02010082
[LOG] SystemI::createSoundInternal             :     exinfo->cbsize             = 232
[LOG] SystemI::createSoundInternal             :     exinfo->length             = 2721568
[LOG] SystemI::createSoundInternal             :     exinfo->fileoffset         = 28320
[LOG] SystemI::createSoundInternal             :     exinfo->numsubsounds       = 1
[LOG] SystemI::createSoundInternal             :     exinfo->inclusionlist      = 000000000C289BF8
[LOG] SystemI::createSoundInternal             :     exinfo->inclusionlistnum   = 1
[LOG] SystemI::createSoundInternal             :     exinfo->suggestedsoundtype = 5
[LOG] SystemI::createSoundInternal             :     exinfo->initialseekpostype = 1
[LOG] SystemI::createSoundInternal             :     Stream 0/1: name='Woosh', format=2, channels=2, frequency=48000, lengthbytes=4160, lengthpcm=16384, pcmblocksize=0, loopstart=0, loopend=0, mode=0x00000000, channelmask=0x00000000, channelorder=0, peakvolume=0.316254.
[LOG] AsyncThread::threadFunc                  : Finished Asynchronous operation on sound 000000004AD7FD48
[LOG] SoundI::getSubSound                      : sound 000000004AD7FD48.  Subsound index 0 / 1
[LOG] SoundI::getSubSound                      : starting non blocking seek and setting sound to not ready state
[LOG] SoundI::getSubSound                      : finished preparing nonblocking getSubSound seek
[LOG] AsyncThread::threadFunc                  : Starting Asynchronous operation on sound 000000004A75E6E8
[LOG] AsyncThread::threadFunc                  :     done setposition
[LOG] AsyncThread::threadFunc                  :     done flush
[LOG] AsyncThread::threadFunc                  : Finished Asynchronous operation on sound 000000004A75E6E8
[LOG] SoundI::release                          : Woosh (000000004AD7FD48)
[LOG] SoundI::release                          :     Woosh (000000004ACA0E28)
[LOG] SoundI::release                          :     Woosh (000000004A75E6E8)
[LOG] SystemI::createSound                     : filename = Assets\Audio\Racana\Build\Desktop/Master Bank.bank : mode 02010082
[LOG] SystemI::createSound                     : FMOD_NONBLOCKING specified.  Putting into queue to be opened asynchronously!
[LOG] SystemI::createSound                     : setdata soundi = 000000004AD7FD48 : node = 000000000C289AE0
[LOG] SystemI::createSound                     : add node to async list : head = 000000004A610268.  list count = 0
[LOG] AsyncThread::threadFunc                  : Starting Asynchronous operation on sound 000000004AD7FD48
[LOG] SystemI::createSoundInternal             :     Create name='Assets\Audio\Racana\Build\Desktop/Master Bank.bank', mode=0x02010082
[LOG] SystemI::createSoundInternal             :     exinfo->cbsize             = 232
[LOG] SystemI::createSoundInternal             :     exinfo->length             = 2721568
[LOG] SystemI::createSoundInternal             :     exinfo->fileoffset         = 28320
[LOG] SystemI::createSoundInternal             :     exinfo->numsubsounds       = 1
[LOG] SystemI::createSoundInternal             :     exinfo->inclusionlist      = 000000000C289BF8
[LOG] SystemI::createSoundInternal             :     exinfo->inclusionlistnum   = 1
[LOG] SystemI::createSoundInternal             :     exinfo->suggestedsoundtype = 5
[LOG] SystemI::createSoundInternal             :     exinfo->initialseekpostype = 1
[LOG] SystemI::createSoundInternal             :     Stream 0/1: name='Woosh', format=2, channels=2, frequency=48000, lengthbytes=4160, lengthpcm=16384, pcmblocksize=0, loopstart=0, loopend=0, mode=0x00000000, channelmask=0x00000000, channelorder=0, peakvolume=0.316254.
[LOG] AsyncThread::threadFunc                  : Finished Asynchronous operation on sound 000000004AD7FD48
[LOG] SoundI::getSubSound                      : sound 000000004AD7FD48.  Subsound index 0 / 1
[LOG] SoundI::getSubSound                      : starting non blocking seek and setting sound to not ready state
[LOG] SoundI::getSubSound                      : finished preparing nonblocking getSubSound seek
[LOG] AsyncThread::threadFunc                  : Starting Asynchronous operation on sound 000000004A75E6E8
[LOG] AsyncThread::threadFunc                  :     done setposition
[LOG] AsyncThread::threadFunc                  :     done flush
[LOG] AsyncThread::threadFunc                  : Finished Asynchronous operation on sound 000000004A75E6E8
[LOG] SoundI::release                          : Woosh (000000004AD7FD48)
[LOG] SoundI::release                          :     Woosh (000000004ACA0E28)
[LOG] SoundI::release                          :     Woosh (000000004A75E6E8)
[LOG] SystemI::createSound                     : filename = Assets\Audio\Racana\Build\Desktop/Master Bank.bank : mode 02010082
[LOG] SystemI::createSound                     : FMOD_NONBLOCKING specified.  Putting into queue to be opened asynchronously!
[LOG] SystemI::createSound                     : setdata soundi = 000000004AD7FD48 : node = 000000000C289AE0
[LOG] SystemI::createSound                     : add node to async list : head = 000000004A610268.  list count = 0
[LOG] AsyncThread::threadFunc                  : Starting Asynchronous operation on sound 000000004AD7FD48
[LOG] SystemI::createSoundInternal             :     Create name='Assets\Audio\Racana\Build\Desktop/Master Bank.bank', mode=0x02010082
[LOG] SystemI::createSoundInternal             :     exinfo->cbsize             = 232
[LOG] SystemI::createSoundInternal             :     exinfo->length             = 2721568
[LOG] SystemI::createSoundInternal             :     exinfo->fileoffset         = 28320
[LOG] SystemI::createSoundInternal             :     exinfo->numsubsounds       = 1
[LOG] SystemI::createSoundInternal             :     exinfo->inclusionlist      = 000000000C289BF8
[LOG] SystemI::createSoundInternal             :     exinfo->inclusionlistnum   = 1
[LOG] SystemI::createSoundInternal             :     exinfo->suggestedsoundtype = 5
[LOG] SystemI::createSoundInternal             :     exinfo->initialseekpostype = 1
[LOG] SystemI::createSoundInternal             :     Stream 0/1: name='Woosh', format=2, channels=2, frequency=48000, lengthbytes=4160, lengthpcm=16384, pcmblocksize=0, loopstart=0, loopend=0, mode=0x00000000, channelmask=0x00000000, channelorder=0, peakvolume=0.316254.
[LOG] AsyncThread::threadFunc                  : Finished Asynchronous operation on sound 000000004AD7FD48
[LOG] SoundI::getSubSound                      : sound 000000004AD7FD48.  Subsound index 0 / 1
[LOG] SoundI::getSubSound                      : starting non blocking seek and setting sound to not ready state
[LOG] SoundI::getSubSound                      : finished preparing nonblocking getSubSound seek
[LOG] AsyncThread::threadFunc                  : Starting Asynchronous operation on sound 000000004A75E6E8
[LOG] AsyncThread::threadFunc                  :     done setposition
[LOG] AsyncThread::threadFunc                  :     done flush
[LOG] AsyncThread::threadFunc                  : Finished Asynchronous operation on sound 000000004A75E6E8
[LOG] SoundI::release                          : Woosh (000000004AD7FD48)
[LOG] SoundI::release                          :     Woosh (000000004ACA0E28)
[LOG] SoundI::release                          :     Woosh (000000004A75E6E8)
[LOG] SystemI::createSound                     : filename = Assets\Audio\Racana\Build\Desktop/Master Bank.bank : mode 02010082
[LOG] SystemI::createSound                     : FMOD_NONBLOCKING specified.  Putting into queue to be opened asynchronously!
[LOG] SystemI::createSound                     : setdata soundi = 000000004AD7FD48 : node = 000000000C289AE0
[LOG] SystemI::createSound                     : add node to async list : head = 000000004A610268.  list count = 0
[LOG] AsyncThread::threadFunc                  : Starting Asynchronous operation on sound 000000004AD7FD48
[LOG] SystemI::createSoundInternal             :     Create name='Assets\Audio\Racana\Build\Desktop/Master Bank.bank', mode=0x02010082
[LOG] SystemI::createSoundInternal             :     exinfo->cbsize             = 232
[LOG] SystemI::createSoundInternal             :     exinfo->length             = 2721568
[LOG] SystemI::createSoundInternal             :     exinfo->fileoffset         = 28320
[LOG] SystemI::createSoundInternal             :     exinfo->numsubsounds       = 1
[LOG] SystemI::createSoundInternal             :     exinfo->inclusionlist      = 000000000C289BF8
[LOG] SystemI::createSoundInternal             :     exinfo->inclusionlistnum   = 1
[LOG] SystemI::createSoundInternal             :     exinfo->suggestedsoundtype = 5
[LOG] SystemI::createSoundInternal             :     exinfo->initialseekpostype = 1
[LOG] SystemI::createSoundInternal             :     Stream 0/1: name='Woosh', format=2, channels=2, frequency=48000, lengthbytes=4160, lengthpcm=16384, pcmblocksize=0, loopstart=0, loopend=0, mode=0x00000000, channelmask=0x00000000, channelorder=0, peakvolume=0.316254.
[LOG] AsyncThread::threadFunc                  : Finished Asynchronous operation on sound 000000004AD7FD48
[LOG] SoundI::getSubSound                      : sound 000000004AD7FD48.  Subsound index 0 / 1
[LOG] SoundI::getSubSound                      : starting non blocking seek and setting sound to not ready state
[LOG] SoundI::getSubSound                      : finished preparing nonblocking getSubSound seek
[LOG] AsyncThread::threadFunc                  : Starting Asynchronous operation on sound 000000004A75E6E8
[LOG] AsyncThread::threadFunc                  :     done setposition
[LOG] AsyncThread::threadFunc                  :     done flush
[LOG] AsyncThread::threadFunc                  : Finished Asynchronous operation on sound 000000004A75E6E8
[LOG] SoundI::release                          : Woosh (000000004AD7FD48)
[LOG] SoundI::release                          :     Woosh (000000004ACA0E28)
[LOG] SoundI::release                          :     Woosh (000000004A75E6E8)
[LOG] SystemI::createSound                     : filename = Assets\Audio\Racana\Build\Desktop/Master Bank.bank : mode 02010082
[LOG] SystemI::createSound                     : FMOD_NONBLOCKING specified.  Putting into queue to be opened asynchronously!
[LOG] SystemI::createSound                     : setdata soundi = 000000004AD7FD48 : node = 000000000C289AE0
[LOG] SystemI::createSound                     : add node to async list : head = 000000004A610268.  list count = 0
[LOG] AsyncThread::threadFunc                  : Starting Asynchronous operation on sound 000000004AD7FD48
[LOG] SystemI::createSoundInternal             :     Create name='Assets\Audio\Racana\Build\Desktop/Master Bank.bank', mode=0x02010082
[LOG] SystemI::createSoundInternal             :     exinfo->cbsize             = 232
[LOG] SystemI::createSoundInternal             :     exinfo->length             = 2721568
[LOG] SystemI::createSoundInternal             :     exinfo->fileoffset         = 28320
[LOG] SystemI::createSoundInternal             :     exinfo->numsubsounds       = 1
[LOG] SystemI::createSoundInternal             :     exinfo->inclusionlist      = 000000000C289BF8
[LOG] SystemI::createSoundInternal             :     exinfo->inclusionlistnum   = 1
[LOG] SystemI::createSoundInternal             :     exinfo->suggestedsoundtype = 5
[LOG] SystemI::createSoundInternal             :     exinfo->initialseekpostype = 1
[LOG] SystemI::createSoundInternal             :     Stream 0/1: name='Woosh', format=2, channels=2, frequency=48000, lengthbytes=4160, lengthpcm=16384, pcmblocksize=0, loopstart=0, loopend=0, mode=0x00000000, channelmask=0x00000000, channelorder=0, peakvolume=0.316254.
[LOG] AsyncThread::threadFunc                  : Finished Asynchronous operation on sound 000000004AD7FD48
[LOG] SoundI::getSubSound                      : sound 000000004AD7FD48.  Subsound index 0 / 1
[LOG] SoundI::getSubSound                      : starting non blocking seek and setting sound to not ready state
[LOG] SoundI::getSubSound                      : finished preparing nonblocking getSubSound seek
[LOG] AsyncThread::threadFunc                  : Starting Asynchronous operation on sound 000000004A75E6E8
[LOG] AsyncThread::threadFunc                  :     done setposition
[LOG] AsyncThread::threadFunc                  :     done flush
[LOG] AsyncThread::threadFunc                  : Finished Asynchronous operation on sound 000000004A75E6E8
[LOG] SoundI::release                          : Woosh (000000004AD7FD48)
[LOG] SoundI::release                          :     Woosh (000000004ACA0E28)
[LOG] SoundI::release                          :     Woosh (000000004A75E6E8)
[LOG] SystemI::createSound                     : filename = Assets\Audio\Racana\Build\Desktop/Master Bank.bank : mode 02010082
[LOG] SystemI::createSound                     : FMOD_NONBLOCKING specified.  Putting into queue to be opened asynchronously!
[LOG] SystemI::createSound                     : setdata soundi = 000000004AD7FD48 : node = 000000000C289AE0
[LOG] SystemI::createSound                     : add node to async list : head = 000000004A610268.  list count = 0
[LOG] AsyncThread::threadFunc                  : Starting Asynchronous operation on sound 000000004AD7FD48
[LOG] SystemI::createSoundInternal             :     Create name='Assets\Audio\Racana\Build\Desktop/Master Bank.bank', mode=0x02010082
[LOG] SystemI::createSoundInternal             :     exinfo->cbsize             = 232
[LOG] SystemI::createSoundInternal             :     exinfo->length             = 2721568
[LOG] SystemI::createSoundInternal             :     exinfo->fileoffset         = 28320
[LOG] SystemI::createSoundInternal             :     exinfo->numsubsounds       = 1
[LOG] SystemI::createSoundInternal             :     exinfo->inclusionlist      = 000000000C289BF8
[LOG] SystemI::createSoundInternal             :     exinfo->inclusionlistnum   = 1
[LOG] SystemI::createSoundInternal             :     exinfo->suggestedsoundtype = 5
[LOG] SystemI::createSoundInternal             :     exinfo->initialseekpostype = 1
[LOG] SystemI::createSoundInternal             :     Stream 0/1: name='Woosh', format=2, channels=2, frequency=48000, lengthbytes=4160, lengthpcm=16384, pcmblocksize=0, loopstart=0, loopend=0, mode=0x00000000, channelmask=0x00000000, channelorder=0, peakvolume=0.316254.
[LOG] AsyncThread::threadFunc                  : Finished Asynchronous operation on sound 000000004AD7FD48
[LOG] SoundI::getSubSound                      : sound 000000004AD7FD48.  Subsound index 0 / 1
[LOG] SoundI::getSubSound                      : starting non blocking seek and setting sound to not ready state
[LOG] SoundI::getSubSound                      : finished preparing nonblocking getSubSound seek
[LOG] AsyncThread::threadFunc                  : Starting Asynchronous operation on sound 000000004A75E6E8
[LOG] AsyncThread::threadFunc                  :     done setposition
[LOG] AsyncThread::threadFunc                  :     done flush
[LOG] AsyncThread::threadFunc                  : Finished Asynchronous operation on sound 000000004A75E6E8
[LOG] SoundI::release                          : Woosh (000000004AD7FD48)
[LOG] SoundI::release                          :     Woosh (000000004ACA0E28)
[LOG] SoundI::release                          :     Woosh (000000004A75E6E8)
[LOG] SystemI::createSound                     : filename = Assets\Audio\Racana\Build\Desktop/Master Bank.bank : mode 02010082
[LOG] SystemI::createSound                     : FMOD_NONBLOCKING specified.  Putting into queue to be opened asynchronously!
[LOG] SystemI::createSound                     : setdata soundi = 000000004AD7FD48 : node = 000000000C289AE0
[LOG] SystemI::createSound                     : add node to async list : head = 000000004A610268.  list count = 0
[LOG] AsyncThread::threadFunc                  : Starting Asynchronous operation on sound 000000004AD7FD48
[LOG] SystemI::createSoundInternal             :     Create name='Assets\Audio\Racana\Build\Desktop/Master Bank.bank', mode=0x02010082
[LOG] SystemI::createSoundInternal             :     exinfo->cbsize             = 232
[LOG] SystemI::createSoundInternal             :     exinfo->length             = 2721568
[LOG] SystemI::createSoundInternal             :     exinfo->fileoffset         = 28320
[LOG] SystemI::createSoundInternal             :     exinfo->numsubsounds       = 1
[LOG] SystemI::createSoundInternal             :     exinfo->inclusionlist      = 000000000C289BF8
[LOG] SystemI::createSoundInternal             :     exinfo->inclusionlistnum   = 1
[LOG] SystemI::createSoundInternal             :     exinfo->suggestedsoundtype = 5
[LOG] SystemI::createSoundInternal             :     exinfo->initialseekpostype = 1
[LOG] SystemI::createSoundInternal             :     Stream 0/1: name='Woosh', format=2, channels=2, frequency=48000, lengthbytes=4160, lengthpcm=16384, pcmblocksize=0, loopstart=0, loopend=0, mode=0x00000000, channelmask=0x00000000, channelorder=0, peakvolume=0.316254.
[LOG] AsyncThread::threadFunc                  : Finished Asynchronous operation on sound 000000004AD7FD48
[LOG] SoundI::getSubSound                      : sound 000000004AD7FD48.  Subsound index 0 / 1
[LOG] SoundI::getSubSound                      : starting non blocking seek and setting sound to not ready state
[LOG] SoundI::getSubSound                      : finished preparing nonblocking getSubSound seek
[LOG] AsyncThread::threadFunc                  : Starting Asynchronous operation on sound 000000004A75E6E8
[LOG] AsyncThread::threadFunc                  :     done setposition
[LOG] AsyncThread::threadFunc                  :     done flush
[LOG] AsyncThread::threadFunc                  : Finished Asynchronous operation on sound 000000004A75E6E8
[LOG] SoundI::release                          : Woosh (000000004AD7FD48)
[LOG] SoundI::release                          :     Woosh (000000004ACA0E28)
[LOG] SoundI::release                          :     Woosh (000000004A75E6E8)
[LOG] SystemI::createSound                     : filename = Assets\Audio\Racana\Build\Desktop/Master Bank.bank : mode 02010082
[LOG] SystemI::createSound                     : FMOD_NONBLOCKING specified.  Putting into queue to be opened asynchronously!
[LOG] SystemI::createSound                     : setdata soundi = 000000004AD7FD48 : node = 000000000C289AE0
[LOG] SystemI::createSound                     : add node to async list : head = 000000004A610268.  list count = 0
[LOG] AsyncThread::threadFunc                  : Starting Asynchronous operation on sound 000000004AD7FD48
[LOG] SystemI::createSoundInternal             :     Create name='Assets\Audio\Racana\Build\Desktop/Master Bank.bank', mode=0x02010082
[LOG] SystemI::createSoundInternal             :     exinfo->cbsize             = 232
[LOG] SystemI::createSoundInternal             :     exinfo->length             = 2721568
[LOG] SystemI::createSoundInternal             :     exinfo->fileoffset         = 28320
[LOG] SystemI::createSoundInternal             :     exinfo->numsubsounds       = 1
[LOG] SystemI::createSoundInternal             :     exinfo->inclusionlist      = 000000000C289BF8
[LOG] SystemI::createSoundInternal             :     exinfo->inclusionlistnum   = 1
[LOG] SystemI::createSoundInternal             :     exinfo->suggestedsoundtype = 5
[LOG] SystemI::createSoundInternal             :     exinfo->initialseekpostype = 1
[LOG] SystemI::createSoundInternal             :     Stream 0/1: name='Woosh', format=2, channels=2, frequency=48000, lengthbytes=4160, lengthpcm=16384, pcmblocksize=0, loopstart=0, loopend=0, mode=0x00000000, channelmask=0x00000000, channelorder=0, peakvolume=0.316254.
[LOG] AsyncThread::threadFunc                  : Finished Asynchronous operation on sound 000000004AD7FD48
[LOG] SoundI::getSubSound                      : sound 000000004AD7FD48.  Subsound index 0 / 1
[LOG] SoundI::getSubSound                      : starting non blocking seek and setting sound to not ready state
[LOG] SoundI::getSubSound                      : finished preparing nonblocking getSubSound seek
[LOG] AsyncThread::threadFunc                  : Starting Asynchronous operation on sound 000000004A75E6E8
[LOG] AsyncThread::threadFunc                  :     done setposition
[LOG] AsyncThread::threadFunc                  :     done flush
[LOG] AsyncThread::threadFunc                  : Finished Asynchronous operation on sound 000000004A75E6E8
[LOG] SoundI::release                          : Woosh (000000004AD7FD48)
[LOG] SoundI::release                          :     Woosh (000000004ACA0E28)
[LOG] SoundI::release                          :     Woosh (000000004A75E6E8)
[LOG] SystemI::createSound                     : filename = Assets\Audio\Racana\Build\Desktop/Master Bank.bank : mode 02010082
[LOG] SystemI::createSound                     : FMOD_NONBLOCKING specified.  Putting into queue to be opened asynchronously!
[LOG] SystemI::createSound                     : setdata soundi = 000000004AD7FD48 : node = 000000000C289AE0
[LOG] SystemI::createSound                     : add node to async list : head = 000000004A610268.  list count = 0
[LOG] AsyncThread::threadFunc                  : Starting Asynchronous operation on sound 000000004AD7FD48
[LOG] SystemI::createSoundInternal             :     Create name='Assets\Audio\Racana\Build\Desktop/Master Bank.bank', mode=0x02010082
[LOG] SystemI::createSoundInternal             :     exinfo->cbsize             = 232
[LOG] SystemI::createSoundInternal             :     exinfo->length             = 2721568
[LOG] SystemI::createSoundInternal             :     exinfo->fileoffset         = 28320
[LOG] SystemI::createSoundInternal             :     exinfo->numsubsounds       = 1
[LOG] SystemI::createSoundInternal             :     exinfo->inclusionlist      = 000000000C289BF8
[LOG] SystemI::createSoundInternal             :     exinfo->inclusionlistnum   = 1
[LOG] SystemI::createSoundInternal             :     exinfo->suggestedsoundtype = 5
[LOG] SystemI::createSoundInternal             :     exinfo->initialseekpostype = 1
[LOG] SystemI::createSoundInternal             :     Stream 0/1: name='Woosh', format=2, channels=2, frequency=48000, lengthbytes=4160, lengthpcm=16384, pcmblocksize=0, loopstart=0, loopend=0, mode=0x00000000, channelmask=0x00000000, channelorder=0, peakvolume=0.316254.
[LOG] AsyncThread::threadFunc                  : Finished Asynchronous operation on sound 000000004AD7FD48
[LOG] SoundI::getSubSound                      : sound 000000004AD7FD48.  Subsound index 0 / 1
[LOG] SoundI::getSubSound                      : starting non blocking seek and setting sound to not ready state
[LOG] SoundI::getSubSound                      : finished preparing nonblocking getSubSound seek
[LOG] AsyncThread::threadFunc                  : Starting Asynchronous operation on sound 000000004A75E6E8
[LOG] AsyncThread::threadFunc                  :     done setposition
[LOG] AsyncThread::threadFunc                  :     done flush
[LOG] AsyncThread::threadFunc                  : Finished Asynchronous operation on sound 000000004A75E6E8
[LOG] SoundI::release                          : Woosh (000000004AD7FD48)
[LOG] SoundI::release                          :     Woosh (000000004ACA0E28)
[LOG] SoundI::release                          :     Woosh (000000004A75E6E8)
[LOG] SystemI::createSound                     : filename = Assets\Audio\Racana\Build\Desktop/Master Bank.bank : mode 02010082
[LOG] SystemI::createSound                     : FMOD_NONBLOCKING specified.  Putting into queue to be opened asynchronously!
[LOG] SystemI::createSound                     : setdata soundi = 000000004AD7FD48 : node = 000000000C289AE0
[LOG] SystemI::createSound                     : add node to async list : head = 000000004A610268.  list count = 0
[LOG] AsyncThread::threadFunc                  : Starting Asynchronous operation on sound 000000004AD7FD48
[LOG] SystemI::createSoundInternal             :     Create name='Assets\Audio\Racana\Build\Desktop/Master Bank.bank', mode=0x02010082
[LOG] SystemI::createSoundInternal             :     exinfo->cbsize             = 232
[LOG] SystemI::createSoundInternal             :     exinfo->length             = 2721568
[LOG] SystemI::createSoundInternal             :     exinfo->fileoffset         = 28320
[LOG] SystemI::createSoundInternal             :     exinfo->numsubsounds       = 1
[LOG] SystemI::createSoundInternal             :     exinfo->inclusionlist      = 000000000C289BF8
[LOG] SystemI::createSoundInternal             :     exinfo->inclusionlistnum   = 1
[LOG] SystemI::createSoundInternal             :     exinfo->suggestedsoundtype = 5
[LOG] SystemI::createSoundInternal             :     exinfo->initialseekpostype = 1
[LOG] SystemI::createSoundInternal             :     Stream 0/1: name='Woosh', format=2, channels=2, frequency=48000, lengthbytes=4160, lengthpcm=16384, pcmblocksize=0, loopstart=0, loopend=0, mode=0x00000000, channelmask=0x00000000, channelorder=0, peakvolume=0.316254.
[LOG] AsyncThread::threadFunc                  : Finished Asynchronous operation on sound 000000004AD7FD48
[LOG] SoundI::getSubSound                      : sound 000000004AD7FD48.  Subsound index 0 / 1
[LOG] SoundI::getSubSound                      : starting non blocking seek and setting sound to not ready state
[LOG] SoundI::getSubSound                      : finished preparing nonblocking getSubSound seek
[LOG] AsyncThread::threadFunc                  : Starting Asynchronous operation on sound 000000004A75E6E8
[LOG] AsyncThread::threadFunc                  :     done setposition
[LOG] AsyncThread::threadFunc                  :     done flush
[LOG] AsyncThread::threadFunc                  : Finished Asynchronous operation on sound 000000004A75E6E8
[LOG] SoundI::release                          : Woosh (000000004AD7FD48)
[LOG] SoundI::release                          :     Woosh (000000004ACA0E28)
[LOG] SoundI::release                          :     Woosh (000000004A75E6E8)
[LOG] SystemI::createSound                     : filename = Assets\Audio\Racana\Build\Desktop/Master Bank.bank : mode 02010082
[LOG] SystemI::createSound                     : FMOD_NONBLOCKING specified.  Putting into queue to be opened asynchronously!
[LOG] SystemI::createSound                     : setdata soundi = 000000004AD7FD48 : node = 000000000C289AE0
[LOG] SystemI::createSound                     : add node to async list : head = 000000004A610268.  list count = 0
[LOG] AsyncThread::threadFunc                  : Starting Asynchronous operation on sound 000000004AD7FD48
[LOG] SystemI::createSoundInternal             :     Create name='Assets\Audio\Racana\Build\Desktop/Master Bank.bank', mode=0x02010082
[LOG] SystemI::createSoundInternal             :     exinfo->cbsize             = 232
[LOG] SystemI::createSoundInternal             :     exinfo->length             = 2721568
[LOG] SystemI::createSoundInternal             :     exinfo->fileoffset         = 28320
[LOG] SystemI::createSoundInternal             :     exinfo->numsubsounds       = 1
[LOG] SystemI::createSoundInternal             :     exinfo->inclusionlist      = 000000000C289BF8
[LOG] SystemI::createSoundInternal             :     exinfo->inclusionlistnum   = 1
[LOG] SystemI::createSoundInternal             :     exinfo->suggestedsoundtype = 5
[LOG] SystemI::createSoundInternal             :     exinfo->initialseekpostype = 1
[LOG] SystemI::createSoundInternal             :     Stream 0/1: name='Woosh', format=2, channels=2, frequency=48000, lengthbytes=4160, lengthpcm=16384, pcmblocksize=0, loopstart=0, loopend=0, mode=0x00000000, channelmask=0x00000000, channelorder=0, peakvolume=0.316254.
[LOG] AsyncThread::threadFunc                  : Finished Asynchronous operation on sound 000000004AD7FD48
[LOG] SoundI::getSubSound                      : sound 000000004AD7FD48.  Subsound index 0 / 1
[LOG] SoundI::getSubSound                      : starting non blocking seek and setting sound to not ready state
[LOG] SoundI::getSubSound                      : finished preparing nonblocking getSubSound seek
[LOG] AsyncThread::threadFunc                  : Starting Asynchronous operation on sound 000000004A75E6E8
[LOG] AsyncThread::threadFunc                  :     done setposition
[LOG] AsyncThread::threadFunc                  :     done flush
[LOG] AsyncThread::threadFunc                  : Finished Asynchronous operation on sound 000000004A75E6E8
[LOG] SystemI::createSound                     : filename = Assets\Audio\Racana\Build\Desktop/Master Bank.bank : mode 02010082
[LOG] SystemI::createSound                     : FMOD_NONBLOCKING specified.  Putting into queue to be opened asynchronously!
[LOG] SystemI::createSound                     : setdata soundi = 000000004A75E1D8 : node = 000000000C28A170
[LOG] SystemI::createSound                     : add node to async list : head = 000000004A610268.  list count = 0
[LOG] AsyncThread::threadFunc                  : Starting Asynchronous operation on sound 000000004A75E1D8
[LOG] SoundI::release                          : Woosh (000000004AD7FD48)
[LOG] SystemI::createSoundInternal             :     Create name='Assets\Audio\Racana\Build\Desktop/Master Bank.bank', mode=0x02010082
[LOG] SoundI::release                          :         Woosh (000000004ACA0E28)
[LOG] SystemI::createSoundInternal             :         exinfo->cbsize             = 232
[LOG] SoundI::release                          :         Woosh (000000004A75E6E8)
[LOG] SystemI::createSoundInternal             :         exinfo->length             = 2721568
[LOG] SystemI::createSoundInternal             :     exinfo->fileoffset         = 28320
[LOG] SystemI::createSoundInternal             :     exinfo->numsubsounds       = 1
[LOG] SystemI::createSoundInternal             :     exinfo->inclusionlist      = 000000000C28A288
[LOG] SystemI::createSoundInternal             :     exinfo->inclusionlistnum   = 1
[LOG] SystemI::createSoundInternal             :     exinfo->suggestedsoundtype = 5
[LOG] SystemI::createSoundInternal             :     exinfo->initialseekpostype = 1
[LOG] SystemI::createSoundInternal             :     Stream 0/1: name='Woosh', format=2, channels=2, frequency=48000, lengthbytes=4160, lengthpcm=16384, pcmblocksize=0, loopstart=0, loopend=0, mode=0x00000000, channelmask=0x00000000, channelorder=0, peakvolume=0.316254.
[LOG] AsyncThread::threadFunc                  : Finished Asynchronous operation on sound 000000004A75E1D8
[LOG] SoundI::getSubSound                      : sound 000000004A75E1D8.  Subsound index 0 / 1
[LOG] SoundI::getSubSound                      : starting non blocking seek and setting sound to not ready state
[LOG] SoundI::getSubSound                      : finished preparing nonblocking getSubSound seek
[LOG] AsyncThread::threadFunc                  : Starting Asynchronous operation on sound 000000004AD7FD48
[LOG] AsyncThread::threadFunc                  :     done setposition
[LOG] AsyncThread::threadFunc                  :     done flush
[LOG] AsyncThread::threadFunc                  : Finished Asynchronous operation on sound 000000004AD7FD48
[LOG] SystemI::createSound                     : filename = Assets\Audio\Racana\Build\Desktop/Master Bank.bank : mode 02010082
[LOG] SystemI::createSound                     : FMOD_NONBLOCKING specified.  Putting into queue to be opened asynchronously!
[LOG] SystemI::createSound                     : setdata soundi = 000000004A75E6E8 : node = 000000000C289AE0
[LOG] SystemI::createSound                     : add node to async list : head = 000000004A610268.  list count = 0
[LOG] AsyncThread::threadFunc                  : Starting Asynchronous operation on sound 000000004A75E6E8
[LOG] SoundI::release                          : Woosh (000000004A75E1D8)
[LOG] SystemI::createSoundInternal             :     Create name='Assets\Audio\Racana\Build\Desktop/Master Bank.bank', mode=0x02010082
[LOG] SoundI::release                          :         Woosh (000000004ACA0E28)
[LOG] SystemI::createSoundInternal             :         exinfo->cbsize             = 232
[LOG] SoundI::release                          :         Woosh (000000004AD7FD48)
[LOG] SystemI::createSoundInternal             :         exinfo->length             = 2721568
[LOG] SystemI::createSoundInternal             :     exinfo->fileoffset         = 28320
[LOG] SystemI::createSoundInternal             :     exinfo->numsubsounds       = 1
[LOG] SystemI::createSoundInternal             :     exinfo->inclusionlist      = 000000000C289BF8
[LOG] SystemI::createSoundInternal             :     exinfo->inclusionlistnum   = 1
[LOG] SystemI::createSoundInternal             :     exinfo->suggestedsoundtype = 5
[LOG] SystemI::createSoundInternal             :     exinfo->initialseekpostype = 1
[LOG] SystemI::createSoundInternal             :     Stream 0/1: name='Woosh', format=2, channels=2, frequency=48000, lengthbytes=4160, lengthpcm=16384, pcmblocksize=0, loopstart=0, loopend=0, mode=0x00000000, channelmask=0x00000000, channelorder=0, peakvolume=0.316254.
[LOG] AsyncThread::threadFunc                  : Finished Asynchronous operation on sound 000000004A75E6E8
[LOG] SoundI::getSubSound                      : sound 000000004A75E6E8.  Subsound index 0 / 1
[LOG] SoundI::getSubSound                      : starting non blocking seek and setting sound to not ready state
[LOG] SoundI::getSubSound                      : finished preparing nonblocking getSubSound seek
[LOG] AsyncThread::threadFunc                  : Starting Asynchronous operation on sound 000000004A75E1D8
[LOG] AsyncThread::threadFunc                  :     done setposition
[LOG] AsyncThread::threadFunc                  :     done flush
[LOG] AsyncThread::threadFunc                  : Finished Asynchronous operation on sound 000000004A75E1D8
[LOG] SoundI::release                          : Woosh (000000004A75E6E8)
[LOG] SoundI::release                          :     Woosh (000000004ACA0E28)
[LOG] SoundI::release                          :     Woosh (000000004A75E1D8)
[LOG] SystemI::createSound                     : filename = Assets\Audio\Racana\Build\Desktop/Master Bank.bank : mode 02010082
[LOG] SystemI::createSound                     : FMOD_NONBLOCKING specified.  Putting into queue to be opened asynchronously!
[LOG] SystemI::createSound                     : setdata soundi = 000000004A75E6E8 : node = 000000000C289AE0
[LOG] SystemI::createSound                     : add node to async list : head = 000000004A610268.  list count = 0
[LOG] AsyncThread::threadFunc                  : Starting Asynchronous operation on sound 000000004A75E6E8
[LOG] SystemI::createSoundInternal             :     Create name='Assets\Audio\Racana\Build\Desktop/Master Bank.bank', mode=0x02010082
[LOG] SystemI::createSoundInternal             :     exinfo->cbsize             = 232
[LOG] SystemI::createSoundInternal             :     exinfo->length             = 2721568
[LOG] SystemI::createSoundInternal             :     exinfo->fileoffset         = 28320
[LOG] SystemI::createSoundInternal             :     exinfo->numsubsounds       = 1
[LOG] SystemI::createSoundInternal             :     exinfo->inclusionlist      = 000000000C289BF8
[LOG] SystemI::createSoundInternal             :     exinfo->inclusionlistnum   = 1
[LOG] SystemI::createSoundInternal             :     exinfo->suggestedsoundtype = 5
[LOG] SystemI::createSoundInternal             :     exinfo->initialseekpostype = 1
[LOG] SystemI::createSoundInternal             :     Stream 0/1: name='Woosh', format=2, channels=2, frequency=48000, lengthbytes=4160, lengthpcm=16384, pcmblocksize=0, loopstart=0, loopend=0, mode=0x00000000, channelmask=0x00000000, channelorder=0, peakvolume=0.316254.
[LOG] AsyncThread::threadFunc                  : Finished Asynchronous operation on sound 000000004A75E6E8
[LOG] SoundI::getSubSound                      : sound 000000004A75E6E8.  Subsound index 0 / 1
[LOG] SoundI::getSubSound                      : starting non blocking seek and setting sound to not ready state
[LOG] SoundI::getSubSound                      : finished preparing nonblocking getSubSound seek
[LOG] AsyncThread::threadFunc                  : Starting Asynchronous operation on sound 000000004A75E1D8
[LOG] AsyncThread::threadFunc                  :     done setposition
[LOG] AsyncThread::threadFunc                  :     done flush
[LOG] AsyncThread::threadFunc                  : Finished Asynchronous operation on sound 000000004A75E1D8
[LOG] SoundI::release                          : Woosh (000000004A75E6E8)
[LOG] SoundI::release                          :     Woosh (000000004ACA0E28)
[LOG] SoundI::release                          :     Woosh (000000004A75E1D8)
[LOG] SystemI::createSound                     : filename = Assets\Audio\Racana\Build\Desktop/Master Bank.bank : mode 02010082
[LOG] SystemI::createSound                     : FMOD_NONBLOCKING specified.  Putting into queue to be opened asynchronously!
[LOG] SystemI::createSound                     : setdata soundi = 000000004A75E6E8 : node = 000000000C289AE0
[LOG] SystemI::createSound                     : add node to async list : head = 000000004A610268.  list count = 0
[LOG] AsyncThread::threadFunc                  : Starting Asynchronous operation on sound 000000004A75E6E8
[LOG] SystemI::createSoundInternal             :     Create name='Assets\Audio\Racana\Build\Desktop/Master Bank.bank', mode=0x02010082
[LOG] SystemI::createSoundInternal             :     exinfo->cbsize             = 232
[LOG] SystemI::createSoundInternal             :     exinfo->length             = 2721568
[LOG] SystemI::createSoundInternal             :     exinfo->fileoffset         = 28320
[LOG] SystemI::createSoundInternal             :     exinfo->numsubsounds       = 1
[LOG] SystemI::createSoundInternal             :     exinfo->inclusionlist      = 000000000C289BF8
[LOG] SystemI::createSoundInternal             :     exinfo->inclusionlistnum   = 1
[LOG] SystemI::createSoundInternal             :     exinfo->suggestedsoundtype = 5
[LOG] SystemI::createSoundInternal             :     exinfo->initialseekpostype = 1
[LOG] SystemI::createSoundInternal             :     Stream 0/1: name='Woosh', format=2, channels=2, frequency=48000, lengthbytes=4160, lengthpcm=16384, pcmblocksize=0, loopstart=0, loopend=0, mode=0x00000000, channelmask=0x00000000, channelorder=0, peakvolume=0.316254.
[LOG] AsyncThread::threadFunc                  : Finished Asynchronous operation on sound 000000004A75E6E8
[LOG] SoundI::getSubSound                      : sound 000000004A75E6E8.  Subsound index 0 / 1
[LOG] SoundI::getSubSound                      : starting non blocking seek and setting sound to not ready state
[LOG] SoundI::getSubSound                      : finished preparing nonblocking getSubSound seek
[LOG] AsyncThread::threadFunc                  : Starting Asynchronous operation on sound 000000004A75E1D8
[LOG] AsyncThread::threadFunc                  :     done setposition
[LOG] AsyncThread::threadFunc                  :     done flush
[LOG] AsyncThread::threadFunc                  : Finished Asynchronous operation on sound 000000004A75E1D8
[LOG] SoundI::release                          : Woosh (000000004A75E6E8)
[LOG] SoundI::release                          :     Woosh (000000004ACA0E28)
[LOG] SoundI::release                          :     Woosh (000000004A75E1D8)
[LOG] SystemI::createSound                     : filename = Assets\Audio\Racana\Build\Desktop/Master Bank.bank : mode 02010082
[LOG] SystemI::createSound                     : FMOD_NONBLOCKING specified.  Putting into queue to be opened asynchronously!
[LOG] SystemI::createSound                     : setdata soundi = 000000004A75E6E8 : node = 000000000C289AE0
[LOG] SystemI::createSound                     : add node to async list : head = 000000004A610268.  list count = 0
[LOG] AsyncThread::threadFunc                  : Starting Asynchronous operation on sound 000000004A75E6E8
[LOG] SystemI::createSoundInternal             :     Create name='Assets\Audio\Racana\Build\Desktop/Master Bank.bank', mode=0x02010082
[LOG] SystemI::createSoundInternal             :     exinfo->cbsize             = 232
[LOG] SystemI::createSoundInternal             :     exinfo->length             = 2721568
[LOG] SystemI::createSoundInternal             :     exinfo->fileoffset         = 28320
[LOG] SystemI::createSoundInternal             :     exinfo->numsubsounds       = 1
[LOG] SystemI::createSoundInternal             :     exinfo->inclusionlist      = 000000000C289BF8
[LOG] SystemI::createSoundInternal             :     exinfo->inclusionlistnum   = 1
[LOG] SystemI::createSoundInternal             :     exinfo->suggestedsoundtype = 5
[LOG] SystemI::createSoundInternal             :     exinfo->initialseekpostype = 1
[LOG] SystemI::createSoundInternal             :     Stream 0/1: name='Woosh', format=2, channels=2, frequency=48000, lengthbytes=4160, lengthpcm=16384, pcmblocksize=0, loopstart=0, loopend=0, mode=0x00000000, channelmask=0x00000000, channelorder=0, peakvolume=0.316254.
[LOG] AsyncThread::threadFunc                  : Finished Asynchronous operation on sound 000000004A75E6E8
[LOG] SoundI::getSubSound                      : sound 000000004A75E6E8.  Subsound index 0 / 1
[LOG] SoundI::getSubSound                      : starting non blocking seek and setting sound to not ready state
[LOG] SoundI::getSubSound                      : finished preparing nonblocking getSubSound seek
[LOG] AsyncThread::threadFunc                  : Starting Asynchronous operation on sound 000000004A75E1D8
[LOG] AsyncThread::threadFunc                  :     done setposition
[LOG] AsyncThread::threadFunc                  :     done flush
[LOG] AsyncThread::threadFunc                  : Finished Asynchronous operation on sound 000000004A75E1D8
[LOG] SoundI::release                          : Woosh (000000004A75E6E8)
[LOG] SoundI::release                          :     Woosh (000000004ACA0E28)
[LOG] SoundI::release                          :     Woosh (000000004A75E1D8)
[LOG] SystemI::createSound                     : filename = Assets\Audio\Racana\Build\Desktop/Master Bank.bank : mode 02010082
[LOG] SystemI::createSound                     : FMOD_NONBLOCKING specified.  Putting into queue to be opened asynchronously!
[LOG] SystemI::createSound                     : setdata soundi = 000000004A75E6E8 : node = 000000000C289AE0
[LOG] SystemI::createSound                     : add node to async list : head = 000000004A610268.  list count = 0
[LOG] AsyncThread::threadFunc                  : Starting Asynchronous operation on sound 000000004A75E6E8
[LOG] SystemI::createSoundInternal             :     Create name='Assets\Audio\Racana\Build\Desktop/Master Bank.bank', mode=0x02010082
[LOG] SystemI::createSoundInternal             :     exinfo->cbsize             = 232
[LOG] SystemI::createSoundInternal             :     exinfo->length             = 2721568
[LOG] SystemI::createSoundInternal             :     exinfo->fileoffset         = 28320
[LOG] SystemI::createSoundInternal             :     exinfo->numsubsounds       = 1
[LOG] SystemI::createSoundInternal             :     exinfo->inclusionlist      = 000000000C289BF8
[LOG] SystemI::createSoundInternal             :     exinfo->inclusionlistnum   = 1
[LOG] SystemI::createSoundInternal             :     exinfo->suggestedsoundtype = 5
[LOG] SystemI::createSoundInternal             :     exinfo->initialseekpostype = 1
[LOG] SystemI::createSoundInternal             :     Stream 0/1: name='Woosh', format=2, channels=2, frequency=48000, lengthbytes=4160, lengthpcm=16384, pcmblocksize=0, loopstart=0, loopend=0, mode=0x00000000, channelmask=0x00000000, channelorder=0, peakvolume=0.316254.
[LOG] AsyncThread::threadFunc                  : Finished Asynchronous operation on sound 000000004A75E6E8
[LOG] SoundI::getSubSound                      : sound 000000004A75E6E8.  Subsound index 0 / 1
[LOG] SoundI::getSubSound                      : starting non blocking seek and setting sound to not ready state
[LOG] SoundI::getSubSound                      : finished preparing nonblocking getSubSound seek
[LOG] AsyncThread::threadFunc                  : Starting Asynchronous operation on sound 000000004A75E1D8
[LOG] AsyncThread::threadFunc                  :     done setposition
[LOG] AsyncThread::threadFunc                  :     done flush
[LOG] AsyncThread::threadFunc                  : Finished Asynchronous operation on sound 000000004A75E1D8
[LOG] SoundI::release                          : Woosh (000000004A75E6E8)
[LOG] SoundI::release                          :     Woosh (000000004ACA0E28)
[LOG] SoundI::release                          :     Woosh (000000004A75E1D8)
[LOG] SystemI::createSound                     : filename = Assets\Audio\Racana\Build\Desktop/Master Bank.bank : mode 02010082
[LOG] SystemI::createSound                     : FMOD_NONBLOCKING specified.  Putting into queue to be opened asynchronously!
[LOG] SystemI::createSound                     : setdata soundi = 000000004A75E028 : node = 000000000C289AE0
[LOG] SystemI::createSound                     : add node to async list : head = 000000004A610268.  list count = 0
[LOG] AsyncThread::threadFunc                  : Starting Asynchronous operation on sound 000000004A75E028
[LOG] SystemI::createSoundInternal             :     Create name='Assets\Audio\Racana\Build\Desktop/Master Bank.bank', mode=0x02010082
[LOG] SystemI::createSoundInternal             :     exinfo->cbsize             = 232
[LOG] SystemI::createSoundInternal             :     exinfo->length             = 2721568
[LOG] SystemI::createSoundInternal             :     exinfo->fileoffset         = 28320
[LOG] SystemI::createSoundInternal             :     exinfo->numsubsounds       = 1
[LOG] SystemI::createSoundInternal             :     exinfo->inclusionlist      = 000000000C289BF8
[LOG] SystemI::createSoundInternal             :     exinfo->inclusionlistnum   = 1
[LOG] SystemI::createSoundInternal             :     exinfo->suggestedsoundtype = 5
[LOG] SystemI::createSoundInternal             :     exinfo->initialseekpostype = 1
[LOG] SystemI::createSoundInternal             :     Stream 0/1: name='Woosh', format=2, channels=2, frequency=48000, lengthbytes=4160, lengthpcm=16384, pcmblocksize=0, loopstart=0, loopend=0, mode=0x00000000, channelmask=0x00000000, channelorder=0, peakvolume=0.316254.
[LOG] AsyncThread::threadFunc                  : Finished Asynchronous operation on sound 000000004A75E028
[LOG] SoundI::getSubSound                      : sound 000000004A75E028.  Subsound index 0 / 1
[LOG] SoundI::getSubSound                      : starting non blocking seek and setting sound to not ready state
[LOG] SoundI::getSubSound                      : finished preparing nonblocking getSubSound seek
[LOG] AsyncThread::threadFunc                  : Starting Asynchronous operation on sound 000000004A75E898
[LOG] AsyncThread::threadFunc                  :     done setposition
[LOG] AsyncThread::threadFunc                  :     done flush
[LOG] AsyncThread::threadFunc                  : Finished Asynchronous operation on sound 000000004A75E898
[LOG] SoundI::release                          : Woosh (000000004A75E028)
[LOG] SoundI::release                          :     Woosh (000000004ACA0E28)
[LOG] SoundI::release                          :     Woosh (000000004A75E898)
[LOG] SystemI::createSound                     : filename = Assets\Audio\Racana\Build\Desktop/Master Bank.bank : mode 02010082
[LOG] SystemI::createSound                     : FMOD_NONBLOCKING specified.  Putting into queue to be opened asynchronously!
[LOG] SystemI::createSound                     : setdata soundi = 000000004A75E028 : node = 000000000C289AE0
[LOG] SystemI::createSound                     : add node to async list : head = 000000004A610268.  list count = 0
[LOG] AsyncThread::threadFunc                  : Starting Asynchronous operation on sound 000000004A75E028
[LOG] SystemI::createSoundInternal             :     Create name='Assets\Audio\Racana\Build\Desktop/Master Bank.bank', mode=0x02010082
[LOG] SystemI::createSoundInternal             :     exinfo->cbsize             = 232
[LOG] SystemI::createSoundInternal             :     exinfo->length             = 2721568
[LOG] SystemI::createSoundInternal             :     exinfo->fileoffset         = 28320
[LOG] SystemI::createSoundInternal             :     exinfo->numsubsounds       = 1
[LOG] SystemI::createSoundInternal             :     exinfo->inclusionlist      = 000000000C289BF8
[LOG] SystemI::createSoundInternal             :     exinfo->inclusionlistnum   = 1
[LOG] SystemI::createSoundInternal             :     exinfo->suggestedsoundtype = 5
[LOG] SystemI::createSoundInternal             :     exinfo->initialseekpostype = 1
[LOG] SystemI::createSoundInternal             :     Stream 0/1: name='Woosh', format=2, channels=2, frequency=48000, lengthbytes=4160, lengthpcm=16384, pcmblocksize=0, loopstart=0, loopend=0, mode=0x00000000, channelmask=0x00000000, channelorder=0, peakvolume=0.316254.
[LOG] AsyncThread::threadFunc                  : Finished Asynchronous operation on sound 000000004A75E028
[LOG] SoundI::getSubSound                      : sound 000000004A75E028.  Subsound index 0 / 1
[LOG] SoundI::getSubSound                      : starting non blocking seek and setting sound to not ready state
[LOG] SoundI::getSubSound                      : finished preparing nonblocking getSubSound seek
[LOG] AsyncThread::threadFunc                  : Starting Asynchronous operation on sound 000000004A75E898
[LOG] AsyncThread::threadFunc                  :     done setposition
[LOG] AsyncThread::threadFunc                  :     done flush
[LOG] AsyncThread::threadFunc                  : Finished Asynchronous operation on sound 000000004A75E898
[LOG] SoundI::release                          : Woosh (000000004A75E028)
[LOG] SoundI::release                          :     Woosh (000000004ACA0E28)
[LOG] SoundI::release                          :     Woosh (000000004A75E898)
[LOG] SystemI::createSound                     : filename = Assets\Audio\Racana\Build\Desktop/Master Bank.bank : mode 02010082
[LOG] SystemI::createSound                     : FMOD_NONBLOCKING specified.  Putting into queue to be opened asynchronously!
[LOG] SystemI::createSound                     : setdata soundi = 000000004A75E028 : node = 000000000C289AE0
[LOG] SystemI::createSound                     : add node to async list : head = 000000004A610268.  list count = 0
[LOG] AsyncThread::threadFunc                  : Starting Asynchronous operation on sound 000000004A75E028
[LOG] SystemI::createSoundInternal             :     Create name='Assets\Audio\Racana\Build\Desktop/Master Bank.bank', mode=0x02010082
[LOG] SystemI::createSoundInternal             :     exinfo->cbsize             = 232
[LOG] SystemI::createSoundInternal             :     exinfo->length             = 2721568
[LOG] SystemI::createSoundInternal             :     exinfo->fileoffset         = 28320
[LOG] SystemI::createSoundInternal             :     exinfo->numsubsounds       = 1
[LOG] SystemI::createSoundInternal             :     exinfo->inclusionlist      = 000000000C289BF8
[LOG] SystemI::createSoundInternal             :     exinfo->inclusionlistnum   = 1
[LOG] SystemI::createSoundInternal             :     exinfo->suggestedsoundtype = 5
[LOG] SystemI::createSoundInternal             :     exinfo->initialseekpostype = 1
[LOG] SystemI::createSoundInternal             :     Stream 0/1: name='Woosh', format=2, channels=2, frequency=48000, lengthbytes=4160, lengthpcm=16384, pcmblocksize=0, loopstart=0, loopend=0, mode=0x00000000, channelmask=0x00000000, channelorder=0, peakvolume=0.316254.
[LOG] AsyncThread::threadFunc                  : Finished Asynchronous operation on sound 000000004A75E028
[LOG] SoundI::getSubSound                      : sound 000000004A75E028.  Subsound index 0 / 1
[LOG] SoundI::getSubSound                      : starting non blocking seek and setting sound to not ready state
[LOG] SoundI::getSubSound                      : finished preparing nonblocking getSubSound seek
[LOG] AsyncThread::threadFunc                  : Starting Asynchronous operation on sound 000000004A75E898
[LOG] AsyncThread::threadFunc                  :     done setposition
[LOG] AsyncThread::threadFunc                  :     done flush
[LOG] AsyncThread::threadFunc                  : Finished Asynchronous operation on sound 000000004A75E898
[LOG] SoundI::release                          : Woosh (000000004A75E028)
[LOG] SoundI::release                          :     Woosh (000000004ACA0E28)
[LOG] SoundI::release                          :     Woosh (000000004A75E898)
[LOG] SystemI::createSound                     : filename = Assets\Audio\Racana\Build\Desktop/Master Bank.bank : mode 02010082
[LOG] SystemI::createSound                     : FMOD_NONBLOCKING specified.  Putting into queue to be opened asynchronously!
[LOG] SystemI::createSound                     : setdata soundi = 000000004A75E028 : node = 000000000C289AE0
[LOG] SystemI::createSound                     : add node to async list : head = 000000004A610268.  list count = 0
[LOG] AsyncThread::threadFunc                  : Starting Asynchronous operation on sound 000000004A75E028
[LOG] SystemI::createSoundInternal             :     Create name='Assets\Audio\Racana\Build\Desktop/Master Bank.bank', mode=0x02010082
[LOG] SystemI::createSoundInternal             :     exinfo->cbsize             = 232
[LOG] SystemI::createSoundInternal             :     exinfo->length             = 2721568
[LOG] SystemI::createSoundInternal             :     exinfo->fileoffset         = 28320
[LOG] SystemI::createSoundInternal             :     exinfo->numsubsounds       = 1
[LOG] SystemI::createSoundInternal             :     exinfo->inclusionlist      = 000000000C289BF8
[LOG] SystemI::createSoundInternal             :     exinfo->inclusionlistnum   = 1
[LOG] SystemI::createSoundInternal             :     exinfo->suggestedsoundtype = 5
[LOG] SystemI::createSoundInternal             :     exinfo->initialseekpostype = 1
[LOG] SystemI::createSoundInternal             :     Stream 0/1: name='Woosh', format=2, channels=2, frequency=48000, lengthbytes=4160, lengthpcm=16384, pcmblocksize=0, loopstart=0, loopend=0, mode=0x00000000, channelmask=0x00000000, channelorder=0, peakvolume=0.316254.
[LOG] AsyncThread::threadFunc                  : Finished Asynchronous operation on sound 000000004A75E028
[LOG] SoundI::getSubSound                      : sound 000000004A75E028.  Subsound index 0 / 1
[LOG] SoundI::getSubSound                      : starting non blocking seek and setting sound to not ready state
[LOG] SoundI::getSubSound                      : finished preparing nonblocking getSubSound seek
[LOG] AsyncThread::threadFunc                  : Starting Asynchronous operation on sound 000000004A75E898
[LOG] AsyncThread::threadFunc                  :     done setposition
[LOG] AsyncThread::threadFunc                  :     done flush
[LOG] AsyncThread::threadFunc                  : Finished Asynchronous operation on sound 000000004A75E898
[LOG] SoundI::release                          : Woosh (000000004A75E028)
[LOG] SoundI::release                          :     Woosh (000000004ACA0E28)
[LOG] SoundI::release                          :     Woosh (000000004A75E898)
[LOG] SystemI::createSound                     : filename = Assets\Audio\Racana\Build\Desktop/Master Bank.bank : mode 02010082
[LOG] SystemI::createSound                     : FMOD_NONBLOCKING specified.  Putting into queue to be opened asynchronously!
[LOG] SystemI::createSound                     : setdata soundi = 000000004A75E028 : node = 000000000C289AE0
[LOG] SystemI::createSound                     : add node to async list : head = 000000004A610268.  list count = 0
[LOG] AsyncThread::threadFunc                  : Starting Asynchronous operation on sound 000000004A75E028
[LOG] SystemI::createSoundInternal             :     Create name='Assets\Audio\Racana\Build\Desktop/Master Bank.bank', mode=0x02010082
[LOG] SystemI::createSoundInternal             :     exinfo->cbsize             = 232
[LOG] SystemI::createSoundInternal             :     exinfo->length             = 2721568
[LOG] SystemI::createSoundInternal             :     exinfo->fileoffset         = 28320
[LOG] SystemI::createSoundInternal             :     exinfo->numsubsounds       = 1
[LOG] SystemI::createSoundInternal             :     exinfo->inclusionlist      = 000000000C289BF8
[LOG] SystemI::createSoundInternal             :     exinfo->inclusionlistnum   = 1
[LOG] SystemI::createSoundInternal             :     exinfo->suggestedsoundtype = 5
[LOG] SystemI::createSoundInternal             :     exinfo->initialseekpostype = 1
[LOG] SystemI::createSoundInternal             :     Stream 0/1: name='Woosh', format=2, channels=2, frequency=48000, lengthbytes=4160, lengthpcm=16384, pcmblocksize=0, loopstart=0, loopend=0, mode=0x00000000, channelmask=0x00000000, channelorder=0, peakvolume=0.316254.
[LOG] AsyncThread::threadFunc                  : Finished Asynchronous operation on sound 000000004A75E028
[LOG] SoundI::getSubSound                      : sound 000000004A75E028.  Subsound index 0 / 1
[LOG] SoundI::getSubSound                      : starting non blocking seek and setting sound to not ready state
[LOG] SoundI::getSubSound                      : finished preparing nonblocking getSubSound seek
[LOG] AsyncThread::threadFunc                  : Starting Asynchronous operation on sound 000000004A75E898
[LOG] AsyncThread::threadFunc                  :     done setposition
[LOG] AsyncThread::threadFunc                  :     done flush
[LOG] AsyncThread::threadFunc                  : Finished Asynchronous operation on sound 000000004A75E898
[LOG] SoundI::release                          : Woosh (000000004A75E028)
[LOG] SoundI::release                          :     Woosh (000000004ACA0E28)
[LOG] SoundI::release                          :     Woosh (000000004A75E898)
[LOG] SystemI::createSound                     : filename = Assets\Audio\Racana\Build\Desktop/Master Bank.bank : mode 02010082
[LOG] SystemI::createSound                     : FMOD_NONBLOCKING specified.  Putting into queue to be opened asynchronously!
[LOG] SystemI::createSound                     : setdata soundi = 000000004A75E028 : node = 000000000C289AE0
[LOG] SystemI::createSound                     : add node to async list : head = 000000004A610268.  list count = 0
[LOG] AsyncThread::threadFunc                  : Starting Asynchronous operation on sound 000000004A75E028
[LOG] SystemI::createSoundInternal             :     Create name='Assets\Audio\Racana\Build\Desktop/Master Bank.bank', mode=0x02010082
[LOG] SystemI::createSoundInternal             :     exinfo->cbsize             = 232
[LOG] SystemI::createSoundInternal             :     exinfo->length             = 2721568
[LOG] SystemI::createSoundInternal             :     exinfo->fileoffset         = 28320
[LOG] SystemI::createSoundInternal             :     exinfo->numsubsounds       = 1
[LOG] SystemI::createSoundInternal             :     exinfo->inclusionlist      = 000000000C289BF8
[LOG] SystemI::createSoundInternal             :     exinfo->inclusionlistnum   = 1
[LOG] SystemI::createSoundInternal             :     exinfo->suggestedsoundtype = 5
[LOG] SystemI::createSoundInternal             :     exinfo->initialseekpostype = 1
[LOG] SystemI::createSoundInternal             :     Stream 0/1: name='Woosh', format=2, channels=2, frequency=48000, lengthbytes=4160, lengthpcm=16384, pcmblocksize=0, loopstart=0, loopend=0, mode=0x00000000, channelmask=0x00000000, channelorder=0, peakvolume=0.316254.
[LOG] AsyncThread::threadFunc                  : Finished Asynchronous operation on sound 000000004A75E028
[LOG] SoundI::getSubSound                      : sound 000000004A75E028.  Subsound index 0 / 1
[LOG] SoundI::getSubSound                      : starting non blocking seek and setting sound to not ready state
[LOG] SoundI::getSubSound                      : finished preparing nonblocking getSubSound seek
[LOG] AsyncThread::threadFunc                  : Starting Asynchronous operation on sound 000000004A75E898
[LOG] AsyncThread::threadFunc                  :     done setposition
[LOG] AsyncThread::threadFunc                  :     done flush
[LOG] AsyncThread::threadFunc                  : Finished Asynchronous operation on sound 000000004A75E898
[LOG] SoundI::release                          : Woosh (000000004A75E028)
[LOG] SoundI::release                          :     Woosh (000000004ACA0E28)
[LOG] SoundI::release                          :     Woosh (000000004A75E898)
[LOG] SystemI::createSound                     : filename = Assets\Audio\Racana\Build\Desktop/Master Bank.bank : mode 02010082
[LOG] SystemI::createSound                     : FMOD_NONBLOCKING specified.  Putting into queue to be opened asynchronously!
[LOG] SystemI::createSound                     : setdata soundi = 000000004A75E028 : node = 000000000C289AE0
[LOG] SystemI::createSound                     : add node to async list : head = 000000004A610268.  list count = 0
[LOG] AsyncThread::threadFunc                  : Starting Asynchronous operation on sound 000000004A75E028
[LOG] SystemI::createSoundInternal             :     Create name='Assets\Audio\Racana\Build\Desktop/Master Bank.bank', mode=0x02010082
[LOG] SystemI::createSoundInternal             :     exinfo->cbsize             = 232
[LOG] SystemI::createSoundInternal             :     exinfo->length             = 2721568
[LOG] SystemI::createSoundInternal             :     exinfo->fileoffset         = 28320
[LOG] SystemI::createSoundInternal             :     exinfo->numsubsounds       = 1
[LOG] SystemI::createSoundInternal             :     exinfo->inclusionlist      = 000000000C289BF8
[LOG] SystemI::createSoundInternal             :     exinfo->inclusionlistnum   = 1
[LOG] SystemI::createSoundInternal             :     exinfo->suggestedsoundtype = 5
[LOG] SystemI::createSoundInternal             :     exinfo->initialseekpostype = 1
[LOG] SystemI::createSoundInternal             :     Stream 0/1: name='Woosh', format=2, channels=2, frequency=48000, lengthbytes=4160, lengthpcm=16384, pcmblocksize=0, loopstart=0, loopend=0, mode=0x00000000, channelmask=0x00000000, channelorder=0, peakvolume=0.316254.
[LOG] AsyncThread::threadFunc                  : Finished Asynchronous operation on sound 000000004A75E028
[LOG] SoundI::getSubSound                      : sound 000000004A75E028.  Subsound index 0 / 1
[LOG] SoundI::getSubSound                      : starting non blocking seek and setting sound to not ready state
[LOG] AsyncThread::threadFunc                  : Starting Asynchronous operation on sound 000000004A75E898
[LOG] AsyncThread::threadFunc                  :     done setposition
[LOG] SoundI::getSubSound                      :     finished preparing nonblocking getSubSound seek
[LOG] AsyncThread::threadFunc                  :     done flush
[LOG] AsyncThread::threadFunc                  : Finished Asynchronous operation on sound 000000004A75E898
[LOG] SoundI::release                          : Woosh (000000004A75E028)
[LOG] SoundI::release                          :     Woosh (000000004ACA0E28)
[LOG] SoundI::release                          :     Woosh (000000004A75E898)
[LOG] SoundI::release                          :  (000000000C265158)
[LOG] SoundI::release                          :     CombatDonjonTranscendance (000000004A60FF78)
[LOG] SoundI::release                          :  (000000000C264FE8)
[LOG] SoundI::release                          :     CombatBossTranscendance (000000004A6102B8)
[LOG] SoundI::release                          :  (000000000C264D08)
[LOG] SoundI::release                          :     CombatBossTranse (000000004A60F5B8)
[LOG] SoundI::release                          :  (000000000C265438)
[LOG] SoundI::release                          :     CombatBossBase (000000004A60FC38)
[LOG] Thread::callback                         : FMOD Studio update thread finished.
[LOG] Thread::callback                         : FMOD Studio bank load thread finished.
[LOG] Profile::disconnectAll                   : Profiler disconnecting all clients
[LOG] Thread::callback                         : FMOD Studio sample load thread finished.
[LOG] LiveUpdate::release                      : 
[LOG] LiveUpdate::reset                        : Reset connection (reason Disconnected)
[LOG] Thread::callback                         : FMOD stream thread finished.
[LOG] Thread::callback                         : FMOD mixer thread finished.
[LOG] Profile::disconnectAll                   : Profiler disconnecting all clients
[LOG] SystemI::close                           : Closed.
